mode: set
github.com/unkeyed/unkey/pkg/fuzz/consumer.go:22.47,28.2 1 1
github.com/unkeyed/unkey/pkg/fuzz/consumer.go:31.36,33.2 1 1
github.com/unkeyed/unkey/pkg/fuzz/consumer.go:36.37,38.2 1 1
github.com/unkeyed/unkey/pkg/fuzz/consumer.go:42.27,44.2 1 1
github.com/unkeyed/unkey/pkg/fuzz/consumer.go:47.39,48.27 1 1
github.com/unkeyed/unkey/pkg/fuzz/consumer.go:48.27,50.3 1 1
github.com/unkeyed/unkey/pkg/fuzz/consumer.go:51.2,53.28 3 1
github.com/unkeyed/unkey/pkg/fuzz/consumer.go:57.36,58.26 1 1
github.com/unkeyed/unkey/pkg/fuzz/consumer.go:58.26,60.3 1 1
github.com/unkeyed/unkey/pkg/fuzz/consumer.go:61.2,63.10 3 1
github.com/unkeyed/unkey/pkg/fuzz/get.go:10.32,12.2 1 1
github.com/unkeyed/unkey/pkg/fuzz/get.go:15.30,17.2 1 1
github.com/unkeyed/unkey/pkg/fuzz/get.go:20.32,22.2 1 1
github.com/unkeyed/unkey/pkg/fuzz/get.go:25.34,27.2 1 1
github.com/unkeyed/unkey/pkg/fuzz/get.go:30.34,32.2 1 1
github.com/unkeyed/unkey/pkg/fuzz/get.go:35.34,37.2 1 1
github.com/unkeyed/unkey/pkg/fuzz/get.go:40.32,42.2 1 1
github.com/unkeyed/unkey/pkg/fuzz/get.go:45.34,47.2 1 1
github.com/unkeyed/unkey/pkg/fuzz/get.go:50.36,52.2 1 1
github.com/unkeyed/unkey/pkg/fuzz/get.go:55.36,57.2 1 1
github.com/unkeyed/unkey/pkg/fuzz/get.go:60.36,62.2 1 1
github.com/unkeyed/unkey/pkg/fuzz/get.go:65.38,68.2 2 1
github.com/unkeyed/unkey/pkg/fuzz/get.go:71.38,74.2 2 1
github.com/unkeyed/unkey/pkg/fuzz/get.go:78.36,81.2 2 1
github.com/unkeyed/unkey/pkg/fuzz/get.go:84.37,87.2 2 1
github.com/unkeyed/unkey/pkg/fuzz/get.go:90.45,92.2 1 1
github.com/unkeyed/unkey/pkg/fuzz/get.go:96.35,98.2 1 1
github.com/unkeyed/unkey/pkg/fuzz/get.go:101.41,103.2 1 1
github.com/unkeyed/unkey/pkg/fuzz/seed.go:25.25,35.21 3 1
github.com/unkeyed/unkey/pkg/fuzz/seed.go:35.21,39.18 3 1
github.com/unkeyed/unkey/pkg/fuzz/seed.go:39.18,41.4 1 1
github.com/unkeyed/unkey/pkg/fuzz/seed.go:42.3,42.15 1 1
github.com/unkeyed/unkey/pkg/fuzz/slice.go:11.36,14.24 3 1
github.com/unkeyed/unkey/pkg/fuzz/slice.go:14.24,16.27 2 1
github.com/unkeyed/unkey/pkg/fuzz/slice.go:17.13,18.33 1 1
github.com/unkeyed/unkey/pkg/fuzz/slice.go:19.12,20.32 1 1
github.com/unkeyed/unkey/pkg/fuzz/slice.go:21.13,22.33 1 1
github.com/unkeyed/unkey/pkg/fuzz/slice.go:23.14,24.34 1 1
github.com/unkeyed/unkey/pkg/fuzz/slice.go:25.14,26.34 1 1
github.com/unkeyed/unkey/pkg/fuzz/slice.go:27.14,28.34 1 1
github.com/unkeyed/unkey/pkg/fuzz/slice.go:29.13,30.33 1 1
github.com/unkeyed/unkey/pkg/fuzz/slice.go:31.14,32.34 1 1
github.com/unkeyed/unkey/pkg/fuzz/slice.go:33.15,34.35 1 1
github.com/unkeyed/unkey/pkg/fuzz/slice.go:35.15,36.35 1 1
github.com/unkeyed/unkey/pkg/fuzz/slice.go:37.15,38.35 1 1
github.com/unkeyed/unkey/pkg/fuzz/slice.go:39.16,40.36 1 1
github.com/unkeyed/unkey/pkg/fuzz/slice.go:41.16,42.36 1 1
github.com/unkeyed/unkey/pkg/fuzz/slice.go:43.15,44.35 1 1
github.com/unkeyed/unkey/pkg/fuzz/slice.go:45.11,46.49 1 1
github.com/unkeyed/unkey/pkg/fuzz/slice.go:49.2,49.15 1 1
github.com/unkeyed/unkey/pkg/fuzz/struct.go:19.35,24.2 4 1
github.com/unkeyed/unkey/pkg/fuzz/struct.go:27.47,30.30 2 1
github.com/unkeyed/unkey/pkg/fuzz/struct.go:30.30,35.30 3 1
github.com/unkeyed/unkey/pkg/fuzz/struct.go:35.30,36.12 1 1
github.com/unkeyed/unkey/pkg/fuzz/struct.go:39.3,39.22 1 1
github.com/unkeyed/unkey/pkg/fuzz/struct.go:46.46,47.18 1 1
github.com/unkeyed/unkey/pkg/fuzz/struct.go:48.20,49.22 1 1
github.com/unkeyed/unkey/pkg/fuzz/struct.go:51.19,52.27 1 1
github.com/unkeyed/unkey/pkg/fuzz/struct.go:53.20,54.28 1 1
github.com/unkeyed/unkey/pkg/fuzz/struct.go:55.21,56.29 1 1
github.com/unkeyed/unkey/pkg/fuzz/struct.go:57.21,58.29 1 1
github.com/unkeyed/unkey/pkg/fuzz/struct.go:59.21,61.51 1 1
github.com/unkeyed/unkey/pkg/fuzz/struct.go:61.51,63.4 1 1
github.com/unkeyed/unkey/pkg/fuzz/struct.go:63.9,65.4 1 1
github.com/unkeyed/unkey/pkg/fuzz/struct.go:67.20,68.30 1 1
github.com/unkeyed/unkey/pkg/fuzz/struct.go:69.21,70.31 1 1
github.com/unkeyed/unkey/pkg/fuzz/struct.go:71.22,72.32 1 1
github.com/unkeyed/unkey/pkg/fuzz/struct.go:73.22,74.32 1 1
github.com/unkeyed/unkey/pkg/fuzz/struct.go:75.22,76.24 1 1
github.com/unkeyed/unkey/pkg/fuzz/struct.go:78.23,79.35 1 1
github.com/unkeyed/unkey/pkg/fuzz/struct.go:80.23,81.26 1 1
github.com/unkeyed/unkey/pkg/fuzz/struct.go:83.22,84.26 1 1
github.com/unkeyed/unkey/pkg/fuzz/struct.go:86.22,88.46 1 1
github.com/unkeyed/unkey/pkg/fuzz/struct.go:88.46,90.4 1 1
github.com/unkeyed/unkey/pkg/fuzz/struct.go:90.9,92.4 1 1
github.com/unkeyed/unkey/pkg/fuzz/struct.go:94.21,95.18 1 1
github.com/unkeyed/unkey/pkg/fuzz/struct.go:97.10,98.69 1 1
github.com/unkeyed/unkey/pkg/fuzz/struct.go:103.46,107.24 3 1
github.com/unkeyed/unkey/pkg/fuzz/struct.go:107.24,110.3 2 1
github.com/unkeyed/unkey/pkg/fuzz/struct.go:112.2,112.14 1 1
